<?xml version="1.0" encoding="UTF-8"?>
<!-- Generated by org.testng.reporters.JUnitReportReporter -->
<testsuite skipped="0" hostname="DESKTOP-7I41IDH" name="test.day1" tests="2" failures="0" timestamp="13 Feb 2018 07:23:39 GMT" time="0.030" errors="0">
  <testcase name="Second" time="0.000" classname="test.day1"/>
  <testcase name="Demo" time="0.030" classname="test.day1"/>
</testsuite> <!-- test.day1 -->
