<?xml version="1.0" encoding="UTF-8"?>
<!-- Generated by org.testng.reporters.JUnitReportReporter -->
<testsuite skipped="0" hostname="DESKTOP-7I41IDH" name="test.day3" tests="3" failures="0" timestamp="13 Feb 2018 07:23:39 GMT" time="0.020" errors="0">
  <testcase name="LoginAPIHomeLoan" time="0.000" classname="test.day3"/>
  <testcase name="WebloginCarloan" time="0.000" classname="test.day3"/>
  <testcase name="MobileLogincarloan" time="0.020" classname="test.day3"/>
</testsuite> <!-- test.day3 -->
