<?xml version="1.0" encoding="UTF-8"?>
<!-- Generated by org.testng.reporters.JUnitReportReporter -->
<testsuite skipped="0" hostname="DESKTOP-7I41IDH" name="day1" tests="1" failures="0" timestamp="13 Feb 2018 04:58:06 GMT" time="0.049" errors="0">
  <testcase name="Demo" time="0.049" classname="day1"/>
</testsuite> <!-- day1 -->
